<?xml version="1.0" encoding="UTF-8" ?>
<testsuite tests="29" failures="0" name="com.Unit_Test.Junit.TestSurefire" time="0.03" errors="0" skipped="0">
  <properties>
    <property name="java.runtime.name" value="Java(TM) SE Runtime Environment"/>
    <property name="sun.boot.library.path" value="C:\Program Files\Java\jdk1.8.0_112\jre\bin"/>
    <property name="java.vm.version" value="25.112-b15"/>
    <property name="java.vm.vendor" value="Oracle Corporation"/>
    <property name="maven.multiModuleProjectDirectory" value="C:\Tools\Jenkins\Taxi4U_Ver_1_0\Taxi_Java"/>
    <property name="java.vendor.url" value="http://java.oracle.com/"/>
    <property name="path.separator" value=";"/>
    <property name="guice.disable.misplaced.annotation.check" value="true"/>
    <property name="java.vm.name" value="Java HotSpot(TM) 64-Bit Server VM"/>
    <property name="file.encoding.pkg" value="sun.io"/>
    <property name="user.script" value=""/>
    <property name="user.country" value="US"/>
    <property name="sun.java.launcher" value="SUN_STANDARD"/>
    <property name="sun.os.patch.level" value="Service Pack 1"/>
    <property name="java.vm.specification.name" value="Java Virtual Machine Specification"/>
    <property name="user.dir" value="C:\Tools\Jenkins\Taxi4U_Ver_1_0\Taxi_Java"/>
    <property name="java.runtime.version" value="1.8.0_112-b15"/>
    <property name="java.awt.graphicsenv" value="sun.awt.Win32GraphicsEnvironment"/>
    <property name="java.endorsed.dirs" value="C:\Program Files\Java\jdk1.8.0_112\jre\lib\endorsed"/>
    <property name="os.arch" value="amd64"/>
    <property name="java.io.tmpdir" value="C:\Users\ADMINI~1\AppData\Local\Temp\2\"/>
    <property name="line.separator" value="
"/>
    <property name="java.vm.specification.vendor" value="Oracle Corporation"/>
    <property name="user.variant" value=""/>
    <property name="os.name" value="Windows Server 2008 R2"/>
    <property name="classworlds.conf" value="C:\Tools\Maven\apache-maven-3.3.9\bin\m2.conf"/>
    <property name="sun.jnu.encoding" value="Cp1252"/>
    <property name="java.library.path" value="C:\Program Files\Java\jdk1.8.0_112\bin;C:\Windows\Sun\Java\bin;C:\Windows\system32;C:\Windows;C:\Program Files\Java\jdk1.8.0_112\bin;C:\ProgramData\Oracle\Java\javapath;C:\Windows\system32;C:\Windows;C:\Windows\System32\Wbem;C:\Windows\System32\WindowsPowerShell\v1.0\;C:\Windows\System32\WindowsPowerShell\v1.0\;C:\Program Files\Amazon\cfn-bootstrap\;C:\Program Files\TortoiseSVN\bin;C:\Program Files\Java\jdk1.8.0_112\jre\bin;C:\Tools\Maven\apache-maven-3.3.9\bin;C:\Tools\Tomcat\apache-tomcat-7.0.73\bin;C:\Program Files\MySQL\MySQL Utilities 1.6\;."/>
    <property name="java.specification.name" value="Java Platform API Specification"/>
    <property name="java.class.version" value="52.0"/>
    <property name="sun.management.compiler" value="HotSpot 64-Bit Tiered Compilers"/>
    <property name="os.version" value="6.1"/>
    <property name="user.home" value="C:\Users\Administrator"/>
    <property name="user.timezone" value="UTC"/>
    <property name="java.awt.printerjob" value="sun.awt.windows.WPrinterJob"/>
    <property name="java.specification.version" value="1.8"/>
    <property name="file.encoding" value="Cp1252"/>
    <property name="user.name" value="Administrator"/>
    <property name="java.class.path" value="C:\Tools\Maven\apache-maven-3.3.9\boot\plexus-classworlds-2.5.2.jar"/>
    <property name="java.vm.specification.version" value="1.8"/>
    <property name="sun.arch.data.model" value="64"/>
    <property name="java.home" value="C:\Program Files\Java\jdk1.8.0_112\jre"/>
    <property name="sun.java.command" value="org.codehaus.plexus.classworlds.launcher.Launcher clean sql:execute install"/>
    <property name="java.specification.vendor" value="Oracle Corporation"/>
    <property name="user.language" value="en"/>
    <property name="awt.toolkit" value="sun.awt.windows.WToolkit"/>
    <property name="java.vm.info" value="mixed mode"/>
    <property name="java.version" value="1.8.0_112"/>
    <property name="java.ext.dirs" value="C:\Program Files\Java\jdk1.8.0_112\jre\lib\ext;C:\Windows\Sun\Java\lib\ext"/>
    <property name="sun.boot.class.path" value="C:\Program Files\Java\jdk1.8.0_112\jre\lib\resources.jar;C:\Program Files\Java\jdk1.8.0_112\jre\lib\rt.jar;C:\Program Files\Java\jdk1.8.0_112\jre\lib\sunrsasign.jar;C:\Program Files\Java\jdk1.8.0_112\jre\lib\jsse.jar;C:\Program Files\Java\jdk1.8.0_112\jre\lib\jce.jar;C:\Program Files\Java\jdk1.8.0_112\jre\lib\charsets.jar;C:\Program Files\Java\jdk1.8.0_112\jre\lib\jfr.jar;C:\Program Files\Java\jdk1.8.0_112\jre\classes"/>
    <property name="sun.stderr.encoding" value="cp437"/>
    <property name="java.vendor" value="Oracle Corporation"/>
    <property name="maven.home" value="C:\Tools\Maven\apache-maven-3.3.9"/>
    <property name="file.separator" value="\"/>
    <property name="java.vendor.url.bug" value="http://bugreport.sun.com/bugreport/"/>
    <property name="sun.cpu.endian" value="little"/>
    <property name="sun.io.unicode.encoding" value="UnicodeLittle"/>
    <property name="sun.stdout.encoding" value="cp437"/>
    <property name="sun.desktop" value="windows"/>
    <property name="sun.cpu.isalist" value="amd64"/>
  </properties>
  <testcase classname="com.Unit_Test.Junit.TestSurefire" name="test_setPickupcity" time="0.006"/>
  <testcase classname="com.Unit_Test.Junit.TestSurefire" name="test_getCity" time="0.002"/>
  <testcase classname="com.Unit_Test.Junit.TestSurefire" name="test_getName" time="0.006"/>
  <testcase classname="com.Unit_Test.Junit.TestSurefire" name="test_getDatevalue" time="0.003"/>
  <testcase classname="com.Unit_Test.Junit.TestSurefire" name="test_getMinutevalue" time="0"/>
  <testcase classname="com.Unit_Test.Junit.TestSurefire" name="test_getZip" time="0"/>
  <testcase classname="com.Unit_Test.Junit.TestSurefire" name="test_getstd" time="0.003"/>
  <testcase classname="com.Unit_Test.Junit.TestSurefire" name="test_setZip" time="0.005"/>
  <testcase classname="com.Unit_Test.Junit.TestSurefire" name="test_setstd" time="0"/>
  <testcase classname="com.Unit_Test.Junit.TestSurefire" name="test_getTelephone" time="0.001"/>
  <testcase classname="com.Unit_Test.Junit.TestSurefire" name="test_getHourvalue" time="0"/>
  <testcase classname="com.Unit_Test.Junit.TestSurefire" name="test_setVehicleType" time="0"/>
  <testcase classname="com.Unit_Test.Junit.TestSurefire" name="test_setEmail" time="0"/>
  <testcase classname="com.Unit_Test.Junit.TestSurefire" name="test_setDatevalue" time="0"/>
  <testcase classname="com.Unit_Test.Junit.TestSurefire" name="test_setStreet" time="0"/>
  <testcase classname="com.Unit_Test.Junit.TestSurefire" name="test_setCity" time="0.001"/>
  <testcase classname="com.Unit_Test.Junit.TestSurefire" name="test_setName" time="0"/>
  <testcase classname="com.Unit_Test.Junit.TestSurefire" name="test_getEmail" time="0.001"/>
  <testcase classname="com.Unit_Test.Junit.TestSurefire" name="test_getStreet" time="0"/>
  <testcase classname="com.Unit_Test.Junit.TestSurefire" name="test_setTelephone" time="0"/>
  <testcase classname="com.Unit_Test.Junit.TestSurefire" name="test_setHourvalue" time="0"/>
  <testcase classname="com.Unit_Test.Junit.TestSurefire" name="test_setDropcity" time="0.001"/>
  <testcase classname="com.Unit_Test.Junit.TestSurefire" name="test_setMinutevalue" time="0"/>
  <testcase classname="com.Unit_Test.Junit.TestSurefire" name="test_getVehicleType" time="0"/>
  <testcase classname="com.Unit_Test.Junit.TestSurefire" name="test_getDropcity" time="0"/>
  <testcase classname="com.Unit_Test.Junit.TestSurefire" name="test_getPickupcity" time="0.001"/>
  <testcase classname="com.Unit_Test.Junit.TestSurefire" name="test_Order" time="0"/>
  <testcase classname="com.Unit_Test.Junit.TestSurefire" name="test_getId" time="0"/>
  <testcase classname="com.Unit_Test.Junit.TestSurefire" name="test_setId" time="0"/>
</testsuite>